2023-04-23 18:39:58.150 [background-preinit] INFO  org.hibernate.validator.internal.util.Version - HV000001: Hibernate Validator 8.0.0.Final
2023-04-23 18:39:58.219 [main] INFO  top.flobby.SpringBootServerApplication - Starting SpringBootServerApplication using Java 17.0.1 with PID 148336 (E:\java-projects\backend-learning\admin-api-template\api-server\target\classes started by Flobby in E:\java-projects\backend-learning\admin-api-template)
2023-04-23 18:39:58.221 [main] INFO  top.flobby.SpringBootServerApplication - The following 1 profile is active: "dev"
2023-04-23 18:39:59.486 [main] INFO  o.s.d.r.config.RepositoryConfigurationDelegate - Multiple Spring Data modules found, entering strict repository configuration mode
2023-04-23 18:39:59.489 [main] INFO  o.s.d.r.config.RepositoryConfigurationDelegate - Bootstrapping Spring Data Redis repositories in DEFAULT mode.
2023-04-23 18:39:59.532 [main] INFO  o.s.d.r.config.RepositoryConfigurationDelegate - Finished Spring Data repository scanning in 22 ms. Found 0 Redis repository interfaces.
2023-04-23 18:40:01.009 [main] INFO  o.s.boot.web.embedded.tomcat.TomcatWebServer - Tomcat initialized with port(s): 8080 (http)
2023-04-23 18:40:01.023 [main] INFO  org.apache.coyote.http11.Http11NioProtocol - Initializing ProtocolHandler ["http-nio-8080"]
2023-04-23 18:40:01.024 [main] INFO  org.apache.catalina.core.StandardService - Starting service [Tomcat]
2023-04-23 18:40:01.024 [main] INFO  org.apache.catalina.core.StandardEngine - Starting Servlet engine: [Apache Tomcat/10.1.8]
2023-04-23 18:40:01.165 [main] INFO  o.a.c.core.ContainerBase.[Tomcat].[localhost].[/] - Initializing Spring embedded WebApplicationContext
2023-04-23 18:40:01.165 [main] INFO  o.s.b.w.s.c.ServletWebServerApplicationContext - Root WebApplicationContext: initialization completed in 2881 ms
2023-04-23 18:40:02.042 [main] INFO  org.apache.catalina.core.StandardService - Stopping service [Tomcat]
2023-04-23 18:40:02.067 [main] INFO  o.s.b.a.logging.ConditionEvaluationReportLogger - 

Error starting ApplicationContext. To display the condition evaluation report re-run your application with 'debug' enabled.
2023-04-23 18:41:55.339 [background-preinit] INFO  org.hibernate.validator.internal.util.Version - HV000001: Hibernate Validator 8.0.0.Final
2023-04-23 18:41:55.392 [main] INFO  top.flobby.SpringBootServerApplication - Starting SpringBootServerApplication using Java 17.0.1 with PID 154680 (E:\java-projects\backend-learning\admin-api-template\api-server\target\classes started by Flobby in E:\java-projects\backend-learning\admin-api-template)
2023-04-23 18:41:55.393 [main] INFO  top.flobby.SpringBootServerApplication - The following 1 profile is active: "dev"
2023-04-23 18:41:56.327 [main] INFO  o.s.d.r.config.RepositoryConfigurationDelegate - Multiple Spring Data modules found, entering strict repository configuration mode
2023-04-23 18:41:56.330 [main] INFO  o.s.d.r.config.RepositoryConfigurationDelegate - Bootstrapping Spring Data Redis repositories in DEFAULT mode.
2023-04-23 18:41:56.388 [main] INFO  o.s.d.r.config.RepositoryConfigurationDelegate - Finished Spring Data repository scanning in 37 ms. Found 0 Redis repository interfaces.
2023-04-23 18:41:57.252 [main] INFO  o.s.boot.web.embedded.tomcat.TomcatWebServer - Tomcat initialized with port(s): 8080 (http)
2023-04-23 18:41:57.263 [main] INFO  org.apache.coyote.http11.Http11NioProtocol - Initializing ProtocolHandler ["http-nio-8080"]
2023-04-23 18:41:57.264 [main] INFO  org.apache.catalina.core.StandardService - Starting service [Tomcat]
2023-04-23 18:41:57.264 [main] INFO  org.apache.catalina.core.StandardEngine - Starting Servlet engine: [Apache Tomcat/10.1.8]
2023-04-23 18:41:57.370 [main] INFO  o.a.c.core.ContainerBase.[Tomcat].[localhost].[/] - Initializing Spring embedded WebApplicationContext
2023-04-23 18:41:57.371 [main] INFO  o.s.b.w.s.c.ServletWebServerApplicationContext - Root WebApplicationContext: initialization completed in 1932 ms
2023-04-23 18:41:57.801 [main] INFO  org.apache.catalina.core.StandardService - Stopping service [Tomcat]
2023-04-23 18:41:57.820 [main] INFO  o.s.b.a.logging.ConditionEvaluationReportLogger - 

Error starting ApplicationContext. To display the condition evaluation report re-run your application with 'debug' enabled.
2023-04-23 18:48:51.300 [background-preinit] INFO  org.hibernate.validator.internal.util.Version - HV000001: Hibernate Validator 8.0.0.Final
2023-04-23 18:48:51.362 [main] INFO  top.flobby.SpringBootServerApplication - Starting SpringBootServerApplication using Java 17.0.1 with PID 9912 (E:\java-projects\backend-learning\admin-api-template\api-server\target\classes started by Flobby in E:\java-projects\backend-learning\admin-api-template)
2023-04-23 18:48:51.364 [main] INFO  top.flobby.SpringBootServerApplication - The following 1 profile is active: "dev"
2023-04-23 18:48:52.578 [main] INFO  o.s.d.r.config.RepositoryConfigurationDelegate - Multiple Spring Data modules found, entering strict repository configuration mode
2023-04-23 18:48:52.581 [main] INFO  o.s.d.r.config.RepositoryConfigurationDelegate - Bootstrapping Spring Data Redis repositories in DEFAULT mode.
2023-04-23 18:48:52.615 [main] INFO  o.s.d.r.config.RepositoryConfigurationDelegate - Finished Spring Data repository scanning in 18 ms. Found 0 Redis repository interfaces.
2023-04-23 18:48:53.408 [main] INFO  o.s.boot.web.embedded.tomcat.TomcatWebServer - Tomcat initialized with port(s): 8080 (http)
2023-04-23 18:48:53.420 [main] INFO  org.apache.coyote.http11.Http11NioProtocol - Initializing ProtocolHandler ["http-nio-8080"]
2023-04-23 18:48:53.421 [main] INFO  org.apache.catalina.core.StandardService - Starting service [Tomcat]
2023-04-23 18:48:53.422 [main] INFO  org.apache.catalina.core.StandardEngine - Starting Servlet engine: [Apache Tomcat/10.1.8]
2023-04-23 18:48:53.547 [main] INFO  o.a.c.core.ContainerBase.[Tomcat].[localhost].[/] - Initializing Spring embedded WebApplicationContext
2023-04-23 18:48:53.547 [main] INFO  o.s.b.w.s.c.ServletWebServerApplicationContext - Root WebApplicationContext: initialization completed in 2122 ms
2023-04-23 18:48:56.538 [main] INFO  o.s.security.web.DefaultSecurityFilterChain - Will secure any request with [org.springframework.security.web.session.DisableEncodeUrlFilter@5badeda0, org.springframework.security.web.context.request.async.WebAsyncManagerIntegrationFilter@56a9a7b5, org.springframework.security.web.context.SecurityContextHolderFilter@15bb8ed5, org.springframework.security.web.header.HeaderWriterFilter@3835b281, org.springframework.security.web.authentication.logout.LogoutFilter@2524d07a, top.flobby.security.filter.AuthenticationTokenFilter@5086623f, org.springframework.security.web.savedrequest.RequestCacheAwareFilter@7e1fb22c, org.springframework.security.web.servletapi.SecurityContextHolderAwareRequestFilter@38fc34fd, org.springframework.security.web.authentication.AnonymousAuthenticationFilter@1dd247b, org.springframework.security.web.session.SessionManagementFilter@3bc6c10f, org.springframework.security.web.access.ExceptionTranslationFilter@2e66f1bd, org.springframework.security.web.access.intercept.AuthorizationFilter@6d4c18b8]
2023-04-23 18:48:56.984 [main] INFO  org.apache.coyote.http11.Http11NioProtocol - Starting ProtocolHandler ["http-nio-8080"]
2023-04-23 18:48:57.010 [main] INFO  o.s.boot.web.embedded.tomcat.TomcatWebServer - Tomcat started on port(s): 8080 (http) with context path ''
2023-04-23 18:48:57.021 [main] INFO  top.flobby.SpringBootServerApplication - Started SpringBootServerApplication in 6.204 seconds (process running for 7.611)
2023-04-23 18:49:18.865 [http-nio-8080-exec-1] INFO  o.a.c.core.ContainerBase.[Tomcat].[localhost].[/] - Initializing Spring DispatcherServlet 'dispatcherServlet'
2023-04-23 18:49:18.866 [http-nio-8080-exec-1] INFO  org.springframework.web.servlet.DispatcherServlet - Initializing Servlet 'dispatcherServlet'
2023-04-23 18:49:18.868 [http-nio-8080-exec-1] INFO  org.springframework.web.servlet.DispatcherServlet - Completed initialization in 2 ms
2023-04-23 18:49:20.333 [http-nio-8080-exec-28] INFO  org.springdoc.api.AbstractOpenApiResource - Init duration for springdoc-openapi is: 227 ms
2023-04-23 18:49:25.702 [http-nio-8080-exec-12] INFO  com.zaxxer.hikari.HikariDataSource - MakuHikariCP - Starting...
2023-04-23 18:49:26.054 [http-nio-8080-exec-12] INFO  com.zaxxer.hikari.pool.HikariPool - MakuHikariCP - Added connection com.mysql.cj.jdbc.ConnectionImpl@5f3da3f1
2023-04-23 18:49:26.056 [http-nio-8080-exec-12] INFO  com.zaxxer.hikari.HikariDataSource - MakuHikariCP - Start completed.
2023-04-23 19:25:34.804 [SpringApplicationShutdownHook] INFO  com.zaxxer.hikari.HikariDataSource - MakuHikariCP - Shutdown initiated...
2023-04-23 19:25:34.806 [SpringApplicationShutdownHook] INFO  com.zaxxer.hikari.HikariDataSource - MakuHikariCP - Shutdown completed.
2023-04-23 19:25:37.844 [background-preinit] INFO  org.hibernate.validator.internal.util.Version - HV000001: Hibernate Validator 8.0.0.Final
2023-04-23 19:25:37.898 [main] INFO  top.flobby.SpringBootServerApplication - Starting SpringBootServerApplication using Java 17.0.1 with PID 162412 (E:\java-projects\backend-learning\admin-api-template\api-server\target\classes started by Flobby in E:\java-projects\backend-learning\admin-api-template)
2023-04-23 19:25:37.899 [main] INFO  top.flobby.SpringBootServerApplication - The following 1 profile is active: "dev"
2023-04-23 19:25:38.920 [main] INFO  o.s.d.r.config.RepositoryConfigurationDelegate - Multiple Spring Data modules found, entering strict repository configuration mode
2023-04-23 19:25:38.922 [main] INFO  o.s.d.r.config.RepositoryConfigurationDelegate - Bootstrapping Spring Data Redis repositories in DEFAULT mode.
2023-04-23 19:25:38.952 [main] INFO  o.s.d.r.config.RepositoryConfigurationDelegate - Finished Spring Data repository scanning in 18 ms. Found 0 Redis repository interfaces.
2023-04-23 19:25:39.689 [main] INFO  o.s.boot.web.embedded.tomcat.TomcatWebServer - Tomcat initialized with port(s): 8080 (http)
2023-04-23 19:25:39.698 [main] INFO  org.apache.coyote.http11.Http11NioProtocol - Initializing ProtocolHandler ["http-nio-8080"]
2023-04-23 19:25:39.698 [main] INFO  org.apache.catalina.core.StandardService - Starting service [Tomcat]
2023-04-23 19:25:39.698 [main] INFO  org.apache.catalina.core.StandardEngine - Starting Servlet engine: [Apache Tomcat/10.1.8]
2023-04-23 19:25:39.782 [main] INFO  o.a.c.core.ContainerBase.[Tomcat].[localhost].[/] - Initializing Spring embedded WebApplicationContext
2023-04-23 19:25:39.783 [main] INFO  o.s.b.w.s.c.ServletWebServerApplicationContext - Root WebApplicationContext: initialization completed in 1831 ms
2023-04-23 19:25:41.903 [main] INFO  o.s.security.web.DefaultSecurityFilterChain - Will secure any request with [org.springframework.security.web.session.DisableEncodeUrlFilter@622ba721, org.springframework.security.web.context.request.async.WebAsyncManagerIntegrationFilter@6b2f7527, org.springframework.security.web.context.SecurityContextHolderFilter@aa633e6, org.springframework.security.web.header.HeaderWriterFilter@7e1fb22c, org.springframework.security.web.authentication.logout.LogoutFilter@54caeadc, top.flobby.security.filter.AuthenticationTokenFilter@18989e0, org.springframework.security.web.savedrequest.RequestCacheAwareFilter@c697186, org.springframework.security.web.servletapi.SecurityContextHolderAwareRequestFilter@185a7dd0, org.springframework.security.web.authentication.AnonymousAuthenticationFilter@7509226c, org.springframework.security.web.session.SessionManagementFilter@1805ca5c, org.springframework.security.web.access.ExceptionTranslationFilter@15bb8ed5, org.springframework.security.web.access.intercept.AuthorizationFilter@23954300]
2023-04-23 19:25:42.331 [main] INFO  org.apache.coyote.http11.Http11NioProtocol - Starting ProtocolHandler ["http-nio-8080"]
2023-04-23 19:25:42.356 [main] INFO  o.s.boot.web.embedded.tomcat.TomcatWebServer - Tomcat started on port(s): 8080 (http) with context path ''
2023-04-23 19:25:42.366 [main] INFO  top.flobby.SpringBootServerApplication - Started SpringBootServerApplication in 4.922 seconds (process running for 5.733)
2023-04-23 19:26:43.934 [http-nio-8080-exec-1] INFO  o.a.c.core.ContainerBase.[Tomcat].[localhost].[/] - Initializing Spring DispatcherServlet 'dispatcherServlet'
2023-04-23 19:26:43.935 [http-nio-8080-exec-1] INFO  org.springframework.web.servlet.DispatcherServlet - Initializing Servlet 'dispatcherServlet'
2023-04-23 19:26:43.936 [http-nio-8080-exec-1] INFO  org.springframework.web.servlet.DispatcherServlet - Completed initialization in 1 ms
2023-04-23 19:26:44.621 [http-nio-8080-exec-1] INFO  com.zaxxer.hikari.HikariDataSource - MakuHikariCP - Starting...
2023-04-23 19:26:44.882 [http-nio-8080-exec-1] INFO  com.zaxxer.hikari.pool.HikariPool - MakuHikariCP - Added connection com.mysql.cj.jdbc.ConnectionImpl@3661f7eb
2023-04-23 19:26:44.883 [http-nio-8080-exec-1] INFO  com.zaxxer.hikari.HikariDataSource - MakuHikariCP - Start completed.
2023-04-23 19:30:39.479 [SpringApplicationShutdownHook] INFO  com.zaxxer.hikari.HikariDataSource - MakuHikariCP - Shutdown initiated...
2023-04-23 19:30:39.483 [SpringApplicationShutdownHook] INFO  com.zaxxer.hikari.HikariDataSource - MakuHikariCP - Shutdown completed.
2023-04-23 19:30:44.641 [background-preinit] INFO  org.hibernate.validator.internal.util.Version - HV000001: Hibernate Validator 8.0.0.Final
2023-04-23 19:30:44.703 [main] INFO  top.flobby.SpringBootServerApplication - Starting SpringBootServerApplication using Java 17.0.1 with PID 93288 (E:\java-projects\backend-learning\admin-api-template\api-server\target\classes started by Flobby in E:\java-projects\backend-learning\admin-api-template)
2023-04-23 19:30:44.705 [main] INFO  top.flobby.SpringBootServerApplication - The following 1 profile is active: "dev"
2023-04-23 19:30:45.617 [main] INFO  o.s.d.r.config.RepositoryConfigurationDelegate - Multiple Spring Data modules found, entering strict repository configuration mode
2023-04-23 19:30:45.620 [main] INFO  o.s.d.r.config.RepositoryConfigurationDelegate - Bootstrapping Spring Data Redis repositories in DEFAULT mode.
2023-04-23 19:30:45.646 [main] INFO  o.s.d.r.config.RepositoryConfigurationDelegate - Finished Spring Data repository scanning in 15 ms. Found 0 Redis repository interfaces.
2023-04-23 19:30:46.361 [main] INFO  o.s.boot.web.embedded.tomcat.TomcatWebServer - Tomcat initialized with port(s): 8080 (http)
2023-04-23 19:30:46.369 [main] INFO  org.apache.coyote.http11.Http11NioProtocol - Initializing ProtocolHandler ["http-nio-8080"]
2023-04-23 19:30:46.369 [main] INFO  org.apache.catalina.core.StandardService - Starting service [Tomcat]
2023-04-23 19:30:46.369 [main] INFO  org.apache.catalina.core.StandardEngine - Starting Servlet engine: [Apache Tomcat/10.1.8]
2023-04-23 19:30:46.456 [main] INFO  o.a.c.core.ContainerBase.[Tomcat].[localhost].[/] - Initializing Spring embedded WebApplicationContext
2023-04-23 19:30:46.456 [main] INFO  o.s.b.w.s.c.ServletWebServerApplicationContext - Root WebApplicationContext: initialization completed in 1709 ms
2023-04-23 19:30:48.529 [main] INFO  o.s.security.web.DefaultSecurityFilterChain - Will secure any request with [org.springframework.security.web.session.DisableEncodeUrlFilter@61d7bb61, org.springframework.security.web.context.request.async.WebAsyncManagerIntegrationFilter@33f81280, org.springframework.security.web.context.SecurityContextHolderFilter@430106cf, org.springframework.security.web.header.HeaderWriterFilter@4f7ef948, org.springframework.security.web.authentication.logout.LogoutFilter@663622b1, top.flobby.security.filter.AuthenticationTokenFilter@3ef0e576, org.springframework.security.web.savedrequest.RequestCacheAwareFilter@2aac6fa7, org.springframework.security.web.servletapi.SecurityContextHolderAwareRequestFilter@29a1ec65, org.springframework.security.web.authentication.AnonymousAuthenticationFilter@3991fe6d, org.springframework.security.web.session.SessionManagementFilter@2e013ba1, org.springframework.security.web.access.ExceptionTranslationFilter@7a47f0be, org.springframework.security.web.access.intercept.AuthorizationFilter@1c79d093]
2023-04-23 19:30:48.889 [main] INFO  org.apache.coyote.http11.Http11NioProtocol - Starting ProtocolHandler ["http-nio-8080"]
2023-04-23 19:30:48.934 [main] INFO  o.s.boot.web.embedded.tomcat.TomcatWebServer - Tomcat started on port(s): 8080 (http) with context path ''
2023-04-23 19:30:48.942 [main] INFO  top.flobby.SpringBootServerApplication - Started SpringBootServerApplication in 4.669 seconds (process running for 5.532)
2023-04-23 19:30:52.817 [http-nio-8080-exec-1] INFO  o.a.c.core.ContainerBase.[Tomcat].[localhost].[/] - Initializing Spring DispatcherServlet 'dispatcherServlet'
2023-04-23 19:30:52.818 [http-nio-8080-exec-1] INFO  org.springframework.web.servlet.DispatcherServlet - Initializing Servlet 'dispatcherServlet'
2023-04-23 19:30:52.820 [http-nio-8080-exec-1] INFO  org.springframework.web.servlet.DispatcherServlet - Completed initialization in 2 ms
2023-04-23 19:30:53.960 [http-nio-8080-exec-24] INFO  org.springdoc.api.AbstractOpenApiResource - Init duration for springdoc-openapi is: 208 ms
2023-04-23 19:30:57.644 [http-nio-8080-exec-16] INFO  com.zaxxer.hikari.HikariDataSource - MakuHikariCP - Starting...
2023-04-23 19:30:57.914 [http-nio-8080-exec-16] INFO  com.zaxxer.hikari.pool.HikariPool - MakuHikariCP - Added connection com.mysql.cj.jdbc.ConnectionImpl@216000a4
2023-04-23 19:30:57.916 [http-nio-8080-exec-16] INFO  com.zaxxer.hikari.HikariDataSource - MakuHikariCP - Start completed.
2023-04-23 19:35:14.297 [SpringApplicationShutdownHook] INFO  com.zaxxer.hikari.HikariDataSource - MakuHikariCP - Shutdown initiated...
2023-04-23 19:35:14.303 [SpringApplicationShutdownHook] INFO  com.zaxxer.hikari.HikariDataSource - MakuHikariCP - Shutdown completed.
2023-04-23 19:35:19.052 [background-preinit] INFO  org.hibernate.validator.internal.util.Version - HV000001: Hibernate Validator 8.0.0.Final
2023-04-23 19:35:19.113 [main] INFO  top.flobby.SpringBootServerApplication - Starting SpringBootServerApplication using Java 17.0.1 with PID 140516 (E:\java-projects\backend-learning\admin-api-template\api-server\target\classes started by Flobby in E:\java-projects\backend-learning\admin-api-template)
2023-04-23 19:35:19.115 [main] INFO  top.flobby.SpringBootServerApplication - The following 1 profile is active: "dev"
2023-04-23 19:35:20.286 [main] INFO  o.s.d.r.config.RepositoryConfigurationDelegate - Multiple Spring Data modules found, entering strict repository configuration mode
2023-04-23 19:35:20.288 [main] INFO  o.s.d.r.config.RepositoryConfigurationDelegate - Bootstrapping Spring Data Redis repositories in DEFAULT mode.
2023-04-23 19:35:20.322 [main] INFO  o.s.d.r.config.RepositoryConfigurationDelegate - Finished Spring Data repository scanning in 17 ms. Found 0 Redis repository interfaces.
2023-04-23 19:35:21.011 [main] INFO  o.s.boot.web.embedded.tomcat.TomcatWebServer - Tomcat initialized with port(s): 8080 (http)
2023-04-23 19:35:21.019 [main] INFO  org.apache.coyote.http11.Http11NioProtocol - Initializing ProtocolHandler ["http-nio-8080"]
2023-04-23 19:35:21.019 [main] INFO  org.apache.catalina.core.StandardService - Starting service [Tomcat]
2023-04-23 19:35:21.019 [main] INFO  org.apache.catalina.core.StandardEngine - Starting Servlet engine: [Apache Tomcat/10.1.8]
2023-04-23 19:35:21.102 [main] INFO  o.a.c.core.ContainerBase.[Tomcat].[localhost].[/] - Initializing Spring embedded WebApplicationContext
2023-04-23 19:35:21.103 [main] INFO  o.s.b.w.s.c.ServletWebServerApplicationContext - Root WebApplicationContext: initialization completed in 1926 ms
2023-04-23 19:35:23.306 [main] INFO  o.s.security.web.DefaultSecurityFilterChain - Will secure any request with [org.springframework.security.web.session.DisableEncodeUrlFilter@3fe24670, org.springframework.security.web.context.request.async.WebAsyncManagerIntegrationFilter@3c46e6f6, org.springframework.security.web.context.SecurityContextHolderFilter@4f7ef948, org.springframework.security.web.header.HeaderWriterFilter@1c972ae6, org.springframework.security.web.authentication.logout.LogoutFilter@29ba63f0, top.flobby.security.filter.AuthenticationTokenFilter@202f054f, org.springframework.security.web.savedrequest.RequestCacheAwareFilter@2a5d2041, org.springframework.security.web.servletapi.SecurityContextHolderAwareRequestFilter@3cacc87, org.springframework.security.web.authentication.AnonymousAuthenticationFilter@7d6019d5, org.springframework.security.web.session.SessionManagementFilter@4a5d5b38, org.springframework.security.web.access.ExceptionTranslationFilter@3aeb267, org.springframework.security.web.access.intercept.AuthorizationFilter@2524d07a]
2023-04-23 19:35:23.646 [main] INFO  org.apache.coyote.http11.Http11NioProtocol - Starting ProtocolHandler ["http-nio-8080"]
2023-04-23 19:35:23.668 [main] INFO  o.s.boot.web.embedded.tomcat.TomcatWebServer - Tomcat started on port(s): 8080 (http) with context path ''
2023-04-23 19:35:23.678 [main] INFO  top.flobby.SpringBootServerApplication - Started SpringBootServerApplication in 5.03 seconds (process running for 5.796)
2023-04-23 19:35:26.304 [http-nio-8080-exec-1] INFO  o.a.c.core.ContainerBase.[Tomcat].[localhost].[/] - Initializing Spring DispatcherServlet 'dispatcherServlet'
2023-04-23 19:35:26.304 [http-nio-8080-exec-1] INFO  org.springframework.web.servlet.DispatcherServlet - Initializing Servlet 'dispatcherServlet'
2023-04-23 19:35:26.306 [http-nio-8080-exec-1] INFO  org.springframework.web.servlet.DispatcherServlet - Completed initialization in 0 ms
2023-04-23 19:35:26.975 [http-nio-8080-exec-1] INFO  com.zaxxer.hikari.HikariDataSource - MakuHikariCP - Starting...
2023-04-23 19:35:27.242 [http-nio-8080-exec-1] INFO  com.zaxxer.hikari.pool.HikariPool - MakuHikariCP - Added connection com.mysql.cj.jdbc.ConnectionImpl@16d62d02
2023-04-23 19:35:27.243 [http-nio-8080-exec-1] INFO  com.zaxxer.hikari.HikariDataSource - MakuHikariCP - Start completed.
2023-04-23 19:35:50.630 [SpringApplicationShutdownHook] INFO  com.zaxxer.hikari.HikariDataSource - MakuHikariCP - Shutdown initiated...
2023-04-23 19:35:50.634 [SpringApplicationShutdownHook] INFO  com.zaxxer.hikari.HikariDataSource - MakuHikariCP - Shutdown completed.
2023-04-23 19:39:06.953 [background-preinit] INFO  org.hibernate.validator.internal.util.Version - HV000001: Hibernate Validator 8.0.0.Final
2023-04-23 19:39:07.039 [main] INFO  top.flobby.SpringBootServerApplication - Starting SpringBootServerApplication using Java 17.0.1 with PID 95184 (E:\java-projects\backend-learning\admin-api-template\api-server\target\classes started by Flobby in E:\java-projects\backend-learning\admin-api-template)
2023-04-23 19:39:07.041 [main] INFO  top.flobby.SpringBootServerApplication - The following 1 profile is active: "dev"
2023-04-23 19:39:08.583 [main] INFO  o.s.d.r.config.RepositoryConfigurationDelegate - Multiple Spring Data modules found, entering strict repository configuration mode
2023-04-23 19:39:08.588 [main] INFO  o.s.d.r.config.RepositoryConfigurationDelegate - Bootstrapping Spring Data Redis repositories in DEFAULT mode.
2023-04-23 19:39:08.662 [main] INFO  o.s.d.r.config.RepositoryConfigurationDelegate - Finished Spring Data repository scanning in 46 ms. Found 0 Redis repository interfaces.
2023-04-23 19:39:09.730 [main] INFO  o.s.boot.web.embedded.tomcat.TomcatWebServer - Tomcat initialized with port(s): 8080 (http)
2023-04-23 19:39:09.745 [main] INFO  org.apache.coyote.http11.Http11NioProtocol - Initializing ProtocolHandler ["http-nio-8080"]
2023-04-23 19:39:09.747 [main] INFO  org.apache.catalina.core.StandardService - Starting service [Tomcat]
2023-04-23 19:39:09.747 [main] INFO  org.apache.catalina.core.StandardEngine - Starting Servlet engine: [Apache Tomcat/10.1.8]
2023-04-23 19:39:09.891 [main] INFO  o.a.c.core.ContainerBase.[Tomcat].[localhost].[/] - Initializing Spring embedded WebApplicationContext
2023-04-23 19:39:09.892 [main] INFO  o.s.b.w.s.c.ServletWebServerApplicationContext - Root WebApplicationContext: initialization completed in 2772 ms
2023-04-23 19:39:13.465 [main] INFO  o.s.security.web.DefaultSecurityFilterChain - Will secure any request with [org.springframework.security.web.session.DisableEncodeUrlFilter@231d3ce, org.springframework.security.web.context.request.async.WebAsyncManagerIntegrationFilter@204c5ddf, org.springframework.security.web.context.SecurityContextHolderFilter@554d040d, org.springframework.security.web.header.HeaderWriterFilter@3cc74fc4, org.springframework.security.web.authentication.logout.LogoutFilter@5f01fb5c, top.flobby.security.filter.AuthenticationTokenFilter@74ce7fdf, org.springframework.security.web.savedrequest.RequestCacheAwareFilter@3c46e6f6, org.springframework.security.web.servletapi.SecurityContextHolderAwareRequestFilter@7d6019d5, org.springframework.security.web.authentication.AnonymousAuthenticationFilter@240f2efd, org.springframework.security.web.session.SessionManagementFilter@30eb55c9, org.springframework.security.web.access.ExceptionTranslationFilter@3134b261, org.springframework.security.web.access.intercept.AuthorizationFilter@19d76106]
2023-04-23 19:39:13.900 [main] INFO  org.apache.coyote.http11.Http11NioProtocol - Starting ProtocolHandler ["http-nio-8080"]
2023-04-23 19:39:13.924 [main] INFO  o.s.boot.web.embedded.tomcat.TomcatWebServer - Tomcat started on port(s): 8080 (http) with context path ''
2023-04-23 19:39:13.935 [main] INFO  top.flobby.SpringBootServerApplication - Started SpringBootServerApplication in 7.454 seconds (process running for 8.604)
2023-04-23 19:39:14.005 [http-nio-8080-exec-1] INFO  o.a.c.core.ContainerBase.[Tomcat].[localhost].[/] - Initializing Spring DispatcherServlet 'dispatcherServlet'
2023-04-23 19:39:14.006 [http-nio-8080-exec-1] INFO  org.springframework.web.servlet.DispatcherServlet - Initializing Servlet 'dispatcherServlet'
2023-04-23 19:39:14.007 [http-nio-8080-exec-1] INFO  org.springframework.web.servlet.DispatcherServlet - Completed initialization in 1 ms
2023-04-23 19:39:15.039 [http-nio-8080-exec-25] INFO  org.springdoc.api.AbstractOpenApiResource - Init duration for springdoc-openapi is: 212 ms
2023-04-23 19:41:46.856 [http-nio-8080-exec-14] INFO  com.zaxxer.hikari.HikariDataSource - MakuHikariCP - Starting...
2023-04-23 19:41:47.141 [http-nio-8080-exec-14] INFO  com.zaxxer.hikari.pool.HikariPool - MakuHikariCP - Added connection com.mysql.cj.jdbc.ConnectionImpl@57f2e178
2023-04-23 19:41:47.142 [http-nio-8080-exec-14] INFO  com.zaxxer.hikari.HikariDataSource - MakuHikariCP - Start completed.
2023-04-23 19:42:55.782 [SpringApplicationShutdownHook] INFO  com.zaxxer.hikari.HikariDataSource - MakuHikariCP - Shutdown initiated...
2023-04-23 19:42:55.787 [SpringApplicationShutdownHook] INFO  com.zaxxer.hikari.HikariDataSource - MakuHikariCP - Shutdown completed.
2023-04-23 19:48:17.207 [background-preinit] INFO  org.hibernate.validator.internal.util.Version - HV000001: Hibernate Validator 8.0.0.Final
2023-04-23 19:48:17.271 [main] INFO  top.flobby.SpringBootServerApplication - Starting SpringBootServerApplication using Java 17.0.1 with PID 109092 (E:\java-projects\backend-learning\admin-api-template\api-server\target\classes started by Flobby in E:\java-projects\backend-learning\admin-api-template)
2023-04-23 19:48:17.273 [main] INFO  top.flobby.SpringBootServerApplication - The following 1 profile is active: "dev"
2023-04-23 19:48:18.539 [main] INFO  o.s.d.r.config.RepositoryConfigurationDelegate - Multiple Spring Data modules found, entering strict repository configuration mode
2023-04-23 19:48:18.543 [main] INFO  o.s.d.r.config.RepositoryConfigurationDelegate - Bootstrapping Spring Data Redis repositories in DEFAULT mode.
2023-04-23 19:48:18.596 [main] INFO  o.s.d.r.config.RepositoryConfigurationDelegate - Finished Spring Data repository scanning in 27 ms. Found 0 Redis repository interfaces.
2023-04-23 19:48:19.597 [main] INFO  o.s.boot.web.embedded.tomcat.TomcatWebServer - Tomcat initialized with port(s): 8080 (http)
2023-04-23 19:48:19.608 [main] INFO  org.apache.coyote.http11.Http11NioProtocol - Initializing ProtocolHandler ["http-nio-8080"]
2023-04-23 19:48:19.609 [main] INFO  org.apache.catalina.core.StandardService - Starting service [Tomcat]
2023-04-23 19:48:19.610 [main] INFO  org.apache.catalina.core.StandardEngine - Starting Servlet engine: [Apache Tomcat/10.1.8]
2023-04-23 19:48:19.758 [main] INFO  o.a.c.core.ContainerBase.[Tomcat].[localhost].[/] - Initializing Spring embedded WebApplicationContext
2023-04-23 19:48:19.758 [main] INFO  o.s.b.w.s.c.ServletWebServerApplicationContext - Root WebApplicationContext: initialization completed in 2428 ms
2023-04-23 19:48:22.969 [main] INFO  o.s.security.web.DefaultSecurityFilterChain - Will secure any request with [org.springframework.security.web.session.DisableEncodeUrlFilter@5f01fb5c, org.springframework.security.web.context.request.async.WebAsyncManagerIntegrationFilter@75c77add, org.springframework.security.web.context.SecurityContextHolderFilter@62c53685, org.springframework.security.web.header.HeaderWriterFilter@430106cf, org.springframework.security.web.authentication.logout.LogoutFilter@15c1b543, top.flobby.security.filter.AuthenticationTokenFilter@2a120c88, org.springframework.security.web.savedrequest.RequestCacheAwareFilter@4822ab4d, org.springframework.security.web.servletapi.SecurityContextHolderAwareRequestFilter@516b84d1, org.springframework.security.web.authentication.AnonymousAuthenticationFilter@d5e3f55, org.springframework.security.web.session.SessionManagementFilter@185a7dd0, org.springframework.security.web.access.ExceptionTranslationFilter@2d8c729f, org.springframework.security.web.access.intercept.AuthorizationFilter@4c9cce17]
2023-04-23 19:48:23.633 [main] INFO  org.apache.coyote.http11.Http11NioProtocol - Starting ProtocolHandler ["http-nio-8080"]
2023-04-23 19:48:23.664 [main] INFO  o.s.boot.web.embedded.tomcat.TomcatWebServer - Tomcat started on port(s): 8080 (http) with context path ''
2023-04-23 19:48:23.678 [main] INFO  top.flobby.SpringBootServerApplication - Started SpringBootServerApplication in 6.97 seconds (process running for 8.383)
2023-04-23 19:48:31.108 [http-nio-8080-exec-1] INFO  o.a.c.core.ContainerBase.[Tomcat].[localhost].[/] - Initializing Spring DispatcherServlet 'dispatcherServlet'
2023-04-23 19:48:31.109 [http-nio-8080-exec-1] INFO  org.springframework.web.servlet.DispatcherServlet - Initializing Servlet 'dispatcherServlet'
2023-04-23 19:48:31.110 [http-nio-8080-exec-1] INFO  org.springframework.web.servlet.DispatcherServlet - Completed initialization in 1 ms
2023-04-23 19:48:32.095 [http-nio-8080-exec-24] INFO  org.springdoc.api.AbstractOpenApiResource - Init duration for springdoc-openapi is: 259 ms
2023-04-23 19:49:09.767 [background-preinit] INFO  org.hibernate.validator.internal.util.Version - HV000001: Hibernate Validator 8.0.0.Final
2023-04-23 19:49:09.828 [main] INFO  top.flobby.SpringBootServerApplication - Starting SpringBootServerApplication using Java 17.0.1 with PID 117976 (E:\java-projects\backend-learning\admin-api-template\api-server\target\classes started by Flobby in E:\java-projects\backend-learning\admin-api-template)
2023-04-23 19:49:09.830 [main] INFO  top.flobby.SpringBootServerApplication - The following 1 profile is active: "dev"
2023-04-23 19:49:11.118 [main] INFO  o.s.d.r.config.RepositoryConfigurationDelegate - Multiple Spring Data modules found, entering strict repository configuration mode
2023-04-23 19:49:11.121 [main] INFO  o.s.d.r.config.RepositoryConfigurationDelegate - Bootstrapping Spring Data Redis repositories in DEFAULT mode.
2023-04-23 19:49:11.160 [main] INFO  o.s.d.r.config.RepositoryConfigurationDelegate - Finished Spring Data repository scanning in 21 ms. Found 0 Redis repository interfaces.
2023-04-23 19:49:11.963 [main] INFO  o.s.boot.web.embedded.tomcat.TomcatWebServer - Tomcat initialized with port(s): 8080 (http)
2023-04-23 19:49:11.972 [main] INFO  org.apache.coyote.http11.Http11NioProtocol - Initializing ProtocolHandler ["http-nio-8080"]
2023-04-23 19:49:11.973 [main] INFO  org.apache.catalina.core.StandardService - Starting service [Tomcat]
2023-04-23 19:49:11.973 [main] INFO  org.apache.catalina.core.StandardEngine - Starting Servlet engine: [Apache Tomcat/10.1.8]
2023-04-23 19:49:12.073 [main] INFO  o.a.c.core.ContainerBase.[Tomcat].[localhost].[/] - Initializing Spring embedded WebApplicationContext
2023-04-23 19:49:12.074 [main] INFO  o.s.b.w.s.c.ServletWebServerApplicationContext - Root WebApplicationContext: initialization completed in 2186 ms
2023-04-23 19:49:14.479 [main] INFO  o.s.security.web.DefaultSecurityFilterChain - Will secure any request with [org.springframework.security.web.session.DisableEncodeUrlFilter@3a0e7f89, org.springframework.security.web.context.request.async.WebAsyncManagerIntegrationFilter@665ed71a, org.springframework.security.web.context.SecurityContextHolderFilter@29a1ec65, org.springframework.security.web.header.HeaderWriterFilter@3cacc87, org.springframework.security.web.authentication.logout.LogoutFilter@56a9a7b5, top.flobby.security.filter.AuthenticationTokenFilter@2f60cbf2, org.springframework.security.web.savedrequest.RequestCacheAwareFilter@511d568f, org.springframework.security.web.servletapi.SecurityContextHolderAwareRequestFilter@1805ca5c, org.springframework.security.web.authentication.AnonymousAuthenticationFilter@15c1b543, org.springframework.security.web.session.SessionManagementFilter@430106cf, org.springframework.security.web.access.ExceptionTranslationFilter@6fdaef04, org.springframework.security.web.access.intercept.AuthorizationFilter@61d7bb61]
2023-04-23 19:49:14.829 [main] INFO  org.apache.coyote.http11.Http11NioProtocol - Starting ProtocolHandler ["http-nio-8080"]
2023-04-23 19:49:14.850 [main] INFO  o.s.boot.web.embedded.tomcat.TomcatWebServer - Tomcat started on port(s): 8080 (http) with context path ''
2023-04-23 19:49:14.860 [main] INFO  top.flobby.SpringBootServerApplication - Started SpringBootServerApplication in 5.57 seconds (process running for 6.681)
2023-04-23 19:49:47.128 [http-nio-8080-exec-1] INFO  o.a.c.core.ContainerBase.[Tomcat].[localhost].[/] - Initializing Spring DispatcherServlet 'dispatcherServlet'
2023-04-23 19:49:47.129 [http-nio-8080-exec-1] INFO  org.springframework.web.servlet.DispatcherServlet - Initializing Servlet 'dispatcherServlet'
2023-04-23 19:49:47.129 [http-nio-8080-exec-1] INFO  org.springframework.web.servlet.DispatcherServlet - Completed initialization in 0 ms
2023-04-23 19:49:47.939 [http-nio-8080-exec-23] INFO  org.springdoc.api.AbstractOpenApiResource - Init duration for springdoc-openapi is: 249 ms
2023-04-23 19:49:56.865 [http-nio-8080-exec-21] INFO  com.zaxxer.hikari.HikariDataSource - MakuHikariCP - Starting...
2023-04-23 19:49:57.142 [http-nio-8080-exec-21] INFO  com.zaxxer.hikari.pool.HikariPool - MakuHikariCP - Added connection com.mysql.cj.jdbc.ConnectionImpl@45fc10dd
2023-04-23 19:49:57.143 [http-nio-8080-exec-21] INFO  com.zaxxer.hikari.HikariDataSource - MakuHikariCP - Start completed.
2023-04-23 19:51:47.484 [SpringApplicationShutdownHook] INFO  com.zaxxer.hikari.HikariDataSource - MakuHikariCP - Shutdown initiated...
2023-04-23 19:51:47.491 [SpringApplicationShutdownHook] INFO  com.zaxxer.hikari.HikariDataSource - MakuHikariCP - Shutdown completed.
2023-04-23 19:51:56.896 [background-preinit] INFO  org.hibernate.validator.internal.util.Version - HV000001: Hibernate Validator 8.0.0.Final
2023-04-23 19:51:56.948 [main] INFO  top.flobby.SpringBootServerApplication - Starting SpringBootServerApplication using Java 17.0.1 with PID 100784 (E:\java-projects\backend-learning\admin-api-template\api-server\target\classes started by Flobby in E:\java-projects\backend-learning\admin-api-template)
2023-04-23 19:51:56.949 [main] INFO  top.flobby.SpringBootServerApplication - The following 1 profile is active: "dev"
2023-04-23 19:51:58.186 [main] INFO  o.s.d.r.config.RepositoryConfigurationDelegate - Multiple Spring Data modules found, entering strict repository configuration mode
2023-04-23 19:51:58.188 [main] INFO  o.s.d.r.config.RepositoryConfigurationDelegate - Bootstrapping Spring Data Redis repositories in DEFAULT mode.
2023-04-23 19:51:58.239 [main] INFO  o.s.d.r.config.RepositoryConfigurationDelegate - Finished Spring Data repository scanning in 25 ms. Found 0 Redis repository interfaces.
2023-04-23 19:51:59.160 [main] INFO  o.s.boot.web.embedded.tomcat.TomcatWebServer - Tomcat initialized with port(s): 8080 (http)
2023-04-23 19:51:59.171 [main] INFO  org.apache.coyote.http11.Http11NioProtocol - Initializing ProtocolHandler ["http-nio-8080"]
2023-04-23 19:51:59.172 [main] INFO  org.apache.catalina.core.StandardService - Starting service [Tomcat]
2023-04-23 19:51:59.172 [main] INFO  org.apache.catalina.core.StandardEngine - Starting Servlet engine: [Apache Tomcat/10.1.8]
2023-04-23 19:51:59.294 [main] INFO  o.a.c.core.ContainerBase.[Tomcat].[localhost].[/] - Initializing Spring embedded WebApplicationContext
2023-04-23 19:51:59.294 [main] INFO  o.s.b.w.s.c.ServletWebServerApplicationContext - Root WebApplicationContext: initialization completed in 2289 ms
2023-04-23 19:52:02.134 [main] INFO  o.s.security.web.DefaultSecurityFilterChain - Will secure any request with [org.springframework.security.web.session.DisableEncodeUrlFilter@d5e3f55, org.springframework.security.web.context.request.async.WebAsyncManagerIntegrationFilter@53df7e67, org.springframework.security.web.context.SecurityContextHolderFilter@4822ab4d, org.springframework.security.web.header.HeaderWriterFilter@2aac6fa7, org.springframework.security.web.authentication.logout.LogoutFilter@6aae82cc, top.flobby.security.filter.AuthenticationTokenFilter@285bf5ac, org.springframework.security.web.savedrequest.RequestCacheAwareFilter@1ad1f167, org.springframework.security.web.servletapi.SecurityContextHolderAwareRequestFilter@608eb42e, org.springframework.security.web.authentication.AnonymousAuthenticationFilter@3d4b45b, org.springframework.security.web.session.SessionManagementFilter@25e796fe, org.springframework.security.web.access.ExceptionTranslationFilter@430106cf, org.springframework.security.web.access.intercept.AuthorizationFilter@63a7af06]
2023-04-23 19:52:02.599 [main] INFO  org.apache.coyote.http11.Http11NioProtocol - Starting ProtocolHandler ["http-nio-8080"]
2023-04-23 19:52:02.627 [main] INFO  o.s.boot.web.embedded.tomcat.TomcatWebServer - Tomcat started on port(s): 8080 (http) with context path ''
2023-04-23 19:52:02.639 [main] INFO  top.flobby.SpringBootServerApplication - Started SpringBootServerApplication in 6.221 seconds (process running for 7.444)
2023-04-23 19:52:02.835 [http-nio-8080-exec-1] INFO  o.a.c.core.ContainerBase.[Tomcat].[localhost].[/] - Initializing Spring DispatcherServlet 'dispatcherServlet'
2023-04-23 19:52:02.836 [http-nio-8080-exec-1] INFO  org.springframework.web.servlet.DispatcherServlet - Initializing Servlet 'dispatcherServlet'
2023-04-23 19:52:02.837 [http-nio-8080-exec-1] INFO  org.springframework.web.servlet.DispatcherServlet - Completed initialization in 1 ms
2023-04-23 19:52:06.419 [http-nio-8080-exec-2] INFO  com.zaxxer.hikari.HikariDataSource - MakuHikariCP - Starting...
2023-04-23 19:52:06.678 [http-nio-8080-exec-2] INFO  com.zaxxer.hikari.pool.HikariPool - MakuHikariCP - Added connection com.mysql.cj.jdbc.ConnectionImpl@26fb462
2023-04-23 19:52:06.680 [http-nio-8080-exec-2] INFO  com.zaxxer.hikari.HikariDataSource - MakuHikariCP - Start completed.
2023-04-23 19:52:13.186 [http-nio-8080-exec-26] INFO  org.springdoc.api.AbstractOpenApiResource - Init duration for springdoc-openapi is: 225 ms
2023-04-23 20:01:20.017 [SpringApplicationShutdownHook] INFO  com.zaxxer.hikari.HikariDataSource - MakuHikariCP - Shutdown initiated...
2023-04-23 20:01:20.022 [SpringApplicationShutdownHook] INFO  com.zaxxer.hikari.HikariDataSource - MakuHikariCP - Shutdown completed.
2023-04-23 20:01:23.856 [background-preinit] INFO  org.hibernate.validator.internal.util.Version - HV000001: Hibernate Validator 8.0.0.Final
2023-04-23 20:01:23.920 [main] INFO  top.flobby.SpringBootServerApplication - Starting SpringBootServerApplication using Java 17.0.1 with PID 30264 (E:\java-projects\backend-learning\admin-api-template\api-server\target\classes started by Flobby in E:\java-projects\backend-learning\admin-api-template)
2023-04-23 20:01:23.922 [main] INFO  top.flobby.SpringBootServerApplication - The following 1 profile is active: "dev"
2023-04-23 20:01:25.479 [main] INFO  o.s.d.r.config.RepositoryConfigurationDelegate - Multiple Spring Data modules found, entering strict repository configuration mode
2023-04-23 20:01:25.484 [main] INFO  o.s.d.r.config.RepositoryConfigurationDelegate - Bootstrapping Spring Data Redis repositories in DEFAULT mode.
2023-04-23 20:01:25.558 [main] INFO  o.s.d.r.config.RepositoryConfigurationDelegate - Finished Spring Data repository scanning in 39 ms. Found 0 Redis repository interfaces.
2023-04-23 20:01:26.661 [main] INFO  o.s.boot.web.embedded.tomcat.TomcatWebServer - Tomcat initialized with port(s): 8080 (http)
2023-04-23 20:01:26.686 [main] INFO  org.apache.coyote.http11.Http11NioProtocol - Initializing ProtocolHandler ["http-nio-8080"]
2023-04-23 20:01:26.688 [main] INFO  org.apache.catalina.core.StandardService - Starting service [Tomcat]
2023-04-23 20:01:26.695 [main] INFO  org.apache.catalina.core.StandardEngine - Starting Servlet engine: [Apache Tomcat/10.1.8]
2023-04-23 20:01:26.911 [main] INFO  o.a.c.core.ContainerBase.[Tomcat].[localhost].[/] - Initializing Spring embedded WebApplicationContext
2023-04-23 20:01:26.912 [main] INFO  o.s.b.w.s.c.ServletWebServerApplicationContext - Root WebApplicationContext: initialization completed in 2936 ms
2023-04-23 20:01:29.763 [main] INFO  o.s.security.web.DefaultSecurityFilterChain - Will secure any request with [org.springframework.security.web.session.DisableEncodeUrlFilter@c1386b4, org.springframework.security.web.context.request.async.WebAsyncManagerIntegrationFilter@53d9af1, org.springframework.security.web.context.SecurityContextHolderFilter@4bfe83d, org.springframework.security.web.header.HeaderWriterFilter@75c77add, org.springframework.security.web.authentication.logout.LogoutFilter@60861e5d, top.flobby.security.filter.AuthenticationTokenFilter@194911c1, org.springframework.security.web.savedrequest.RequestCacheAwareFilter@10fc1a22, org.springframework.security.web.servletapi.SecurityContextHolderAwareRequestFilter@1b841e7d, org.springframework.security.web.authentication.AnonymousAuthenticationFilter@c89e263, org.springframework.security.web.session.SessionManagementFilter@175957b6, org.springframework.security.web.access.ExceptionTranslationFilter@63a7af06, org.springframework.security.web.access.intercept.AuthorizationFilter@b3042ed]
2023-04-23 20:01:30.145 [main] INFO  org.apache.coyote.http11.Http11NioProtocol - Starting ProtocolHandler ["http-nio-8080"]
2023-04-23 20:01:30.167 [main] INFO  o.s.boot.web.embedded.tomcat.TomcatWebServer - Tomcat started on port(s): 8080 (http) with context path ''
2023-04-23 20:01:30.177 [main] INFO  top.flobby.SpringBootServerApplication - Started SpringBootServerApplication in 6.784 seconds (process running for 7.638)
2023-04-23 20:02:19.196 [background-preinit] INFO  org.hibernate.validator.internal.util.Version - HV000001: Hibernate Validator 8.0.0.Final
2023-04-23 20:02:19.241 [main] INFO  top.flobby.SpringBootServerApplication - Starting SpringBootServerApplication using Java 17.0.1 with PID 69764 (E:\java-projects\backend-learning\admin-api-template\api-server\target\classes started by Flobby in E:\java-projects\backend-learning\admin-api-template)
2023-04-23 20:02:19.242 [main] INFO  top.flobby.SpringBootServerApplication - The following 1 profile is active: "dev"
2023-04-23 20:02:20.286 [main] INFO  o.s.d.r.config.RepositoryConfigurationDelegate - Multiple Spring Data modules found, entering strict repository configuration mode
2023-04-23 20:02:20.289 [main] INFO  o.s.d.r.config.RepositoryConfigurationDelegate - Bootstrapping Spring Data Redis repositories in DEFAULT mode.
2023-04-23 20:02:20.341 [main] INFO  o.s.d.r.config.RepositoryConfigurationDelegate - Finished Spring Data repository scanning in 36 ms. Found 0 Redis repository interfaces.
2023-04-23 20:02:21.192 [main] INFO  o.s.boot.web.embedded.tomcat.TomcatWebServer - Tomcat initialized with port(s): 8080 (http)
2023-04-23 20:02:21.202 [main] INFO  org.apache.coyote.http11.Http11NioProtocol - Initializing ProtocolHandler ["http-nio-8080"]
2023-04-23 20:02:21.203 [main] INFO  org.apache.catalina.core.StandardService - Starting service [Tomcat]
2023-04-23 20:02:21.203 [main] INFO  org.apache.catalina.core.StandardEngine - Starting Servlet engine: [Apache Tomcat/10.1.8]
2023-04-23 20:02:21.317 [main] INFO  o.a.c.core.ContainerBase.[Tomcat].[localhost].[/] - Initializing Spring embedded WebApplicationContext
2023-04-23 20:02:21.317 [main] INFO  o.s.b.w.s.c.ServletWebServerApplicationContext - Root WebApplicationContext: initialization completed in 2023 ms
2023-04-23 20:02:23.685 [main] INFO  o.s.security.web.DefaultSecurityFilterChain - Will secure any request with [org.springframework.security.web.session.DisableEncodeUrlFilter@c1386b4, org.springframework.security.web.context.request.async.WebAsyncManagerIntegrationFilter@53d9af1, org.springframework.security.web.context.SecurityContextHolderFilter@4bfe83d, org.springframework.security.web.header.HeaderWriterFilter@75c77add, org.springframework.security.web.authentication.logout.LogoutFilter@60861e5d, top.flobby.security.filter.AuthenticationTokenFilter@194911c1, org.springframework.security.web.savedrequest.RequestCacheAwareFilter@10fc1a22, org.springframework.security.web.servletapi.SecurityContextHolderAwareRequestFilter@1b841e7d, org.springframework.security.web.authentication.AnonymousAuthenticationFilter@c89e263, org.springframework.security.web.session.SessionManagementFilter@175957b6, org.springframework.security.web.access.ExceptionTranslationFilter@63a7af06, org.springframework.security.web.access.intercept.AuthorizationFilter@b3042ed]
2023-04-23 20:02:24.094 [main] INFO  org.apache.coyote.http11.Http11NioProtocol - Starting ProtocolHandler ["http-nio-8080"]
2023-04-23 20:02:24.116 [main] INFO  o.s.boot.web.embedded.tomcat.TomcatWebServer - Tomcat started on port(s): 8080 (http) with context path ''
2023-04-23 20:02:24.125 [main] INFO  top.flobby.SpringBootServerApplication - Started SpringBootServerApplication in 5.33 seconds (process running for 6.614)
2023-04-23 20:02:52.098 [background-preinit] INFO  org.hibernate.validator.internal.util.Version - HV000001: Hibernate Validator 8.0.0.Final
2023-04-23 20:02:52.145 [main] INFO  top.flobby.SpringBootServerApplication - Starting SpringBootServerApplication using Java 17.0.1 with PID 30788 (E:\java-projects\backend-learning\admin-api-template\api-server\target\classes started by Flobby in E:\java-projects\backend-learning\admin-api-template)
2023-04-23 20:02:52.146 [main] INFO  top.flobby.SpringBootServerApplication - The following 1 profile is active: "dev"
2023-04-23 20:02:53.278 [main] INFO  o.s.d.r.config.RepositoryConfigurationDelegate - Multiple Spring Data modules found, entering strict repository configuration mode
2023-04-23 20:02:53.281 [main] INFO  o.s.d.r.config.RepositoryConfigurationDelegate - Bootstrapping Spring Data Redis repositories in DEFAULT mode.
2023-04-23 20:02:53.317 [main] INFO  o.s.d.r.config.RepositoryConfigurationDelegate - Finished Spring Data repository scanning in 22 ms. Found 0 Redis repository interfaces.
2023-04-23 20:02:54.162 [main] INFO  o.s.boot.web.embedded.tomcat.TomcatWebServer - Tomcat initialized with port(s): 8080 (http)
2023-04-23 20:02:54.173 [main] INFO  org.apache.coyote.http11.Http11NioProtocol - Initializing ProtocolHandler ["http-nio-8080"]
2023-04-23 20:02:54.173 [main] INFO  org.apache.catalina.core.StandardService - Starting service [Tomcat]
2023-04-23 20:02:54.174 [main] INFO  org.apache.catalina.core.StandardEngine - Starting Servlet engine: [Apache Tomcat/10.1.8]
2023-04-23 20:02:54.274 [main] INFO  o.a.c.core.ContainerBase.[Tomcat].[localhost].[/] - Initializing Spring embedded WebApplicationContext
2023-04-23 20:02:54.274 [main] INFO  o.s.b.w.s.c.ServletWebServerApplicationContext - Root WebApplicationContext: initialization completed in 2083 ms
2023-04-23 20:02:56.360 [main] INFO  o.s.security.web.DefaultSecurityFilterChain - Will secure any request with [org.springframework.security.web.session.DisableEncodeUrlFilter@18ac25e6, org.springframework.security.web.context.request.async.WebAsyncManagerIntegrationFilter@5e1a7d3, org.springframework.security.web.context.SecurityContextHolderFilter@15c1b543, org.springframework.security.web.header.HeaderWriterFilter@663622b1, org.springframework.security.web.authentication.logout.LogoutFilter@eb695e8, top.flobby.security.filter.AuthenticationTokenFilter@4b3ad7ca, org.springframework.security.web.savedrequest.RequestCacheAwareFilter@6aae82cc, org.springframework.security.web.servletapi.SecurityContextHolderAwareRequestFilter@7a587e84, org.springframework.security.web.authentication.AnonymousAuthenticationFilter@1eda309d, org.springframework.security.web.session.SessionManagementFilter@3991fe6d, org.springframework.security.web.access.ExceptionTranslationFilter@40b01718, org.springframework.security.web.access.intercept.AuthorizationFilter@679f59f1]
2023-04-23 20:02:56.691 [main] INFO  org.apache.coyote.http11.Http11NioProtocol - Starting ProtocolHandler ["http-nio-8080"]
2023-04-23 20:02:56.711 [main] INFO  o.s.boot.web.embedded.tomcat.TomcatWebServer - Tomcat started on port(s): 8080 (http) with context path ''
2023-04-23 20:02:56.720 [main] INFO  top.flobby.SpringBootServerApplication - Started SpringBootServerApplication in 4.999 seconds (process running for 5.803)
2023-04-23 20:03:13.286 [http-nio-8080-exec-1] INFO  o.a.c.core.ContainerBase.[Tomcat].[localhost].[/] - Initializing Spring DispatcherServlet 'dispatcherServlet'
2023-04-23 20:03:13.286 [http-nio-8080-exec-1] INFO  org.springframework.web.servlet.DispatcherServlet - Initializing Servlet 'dispatcherServlet'
2023-04-23 20:03:13.287 [http-nio-8080-exec-1] INFO  org.springframework.web.servlet.DispatcherServlet - Completed initialization in 1 ms
2023-04-23 20:03:14.293 [http-nio-8080-exec-6] INFO  org.springdoc.api.AbstractOpenApiResource - Init duration for springdoc-openapi is: 269 ms
2023-04-23 20:03:25.365 [http-nio-8080-exec-14] INFO  com.zaxxer.hikari.HikariDataSource - MakuHikariCP - Starting...
2023-04-23 20:03:25.615 [http-nio-8080-exec-14] INFO  com.zaxxer.hikari.pool.HikariPool - MakuHikariCP - Added connection com.mysql.cj.jdbc.ConnectionImpl@51d742ba
2023-04-23 20:03:25.618 [http-nio-8080-exec-14] INFO  com.zaxxer.hikari.HikariDataSource - MakuHikariCP - Start completed.
2023-04-23 20:04:29.466 [SpringApplicationShutdownHook] INFO  com.zaxxer.hikari.HikariDataSource - MakuHikariCP - Shutdown initiated...
2023-04-23 20:04:29.470 [SpringApplicationShutdownHook] INFO  com.zaxxer.hikari.HikariDataSource - MakuHikariCP - Shutdown completed.
2023-04-23 20:13:28.658 [background-preinit] INFO  org.hibernate.validator.internal.util.Version - HV000001: Hibernate Validator 8.0.0.Final
2023-04-23 20:13:28.729 [main] INFO  top.flobby.SpringBootServerApplication - Starting SpringBootServerApplication using Java 17.0.1 with PID 163656 (E:\java-projects\backend-learning\admin-api-template\api-server\target\classes started by Flobby in E:\java-projects\backend-learning\admin-api-template)
2023-04-23 20:13:28.731 [main] INFO  top.flobby.SpringBootServerApplication - The following 1 profile is active: "dev"
2023-04-23 20:13:29.736 [main] INFO  o.s.d.r.config.RepositoryConfigurationDelegate - Multiple Spring Data modules found, entering strict repository configuration mode
2023-04-23 20:13:29.739 [main] INFO  o.s.d.r.config.RepositoryConfigurationDelegate - Bootstrapping Spring Data Redis repositories in DEFAULT mode.
2023-04-23 20:13:29.777 [main] INFO  o.s.d.r.config.RepositoryConfigurationDelegate - Finished Spring Data repository scanning in 25 ms. Found 0 Redis repository interfaces.
2023-04-23 20:13:30.496 [main] INFO  o.s.boot.web.embedded.tomcat.TomcatWebServer - Tomcat initialized with port(s): 8080 (http)
2023-04-23 20:13:30.507 [main] INFO  org.apache.coyote.http11.Http11NioProtocol - Initializing ProtocolHandler ["http-nio-8080"]
2023-04-23 20:13:30.507 [main] INFO  org.apache.catalina.core.StandardService - Starting service [Tomcat]
2023-04-23 20:13:30.507 [main] INFO  org.apache.catalina.core.StandardEngine - Starting Servlet engine: [Apache Tomcat/10.1.8]
2023-04-23 20:13:30.602 [main] INFO  o.a.c.core.ContainerBase.[Tomcat].[localhost].[/] - Initializing Spring embedded WebApplicationContext
2023-04-23 20:13:30.603 [main] INFO  o.s.b.w.s.c.ServletWebServerApplicationContext - Root WebApplicationContext: initialization completed in 1814 ms
2023-04-23 20:13:32.751 [main] INFO  o.s.security.web.DefaultSecurityFilterChain - Will secure any request with [org.springframework.security.web.session.DisableEncodeUrlFilter@b3042ed, org.springframework.security.web.context.request.async.WebAsyncManagerIntegrationFilter@1f12d5e0, org.springframework.security.web.context.SecurityContextHolderFilter@175957b6, org.springframework.security.web.header.HeaderWriterFilter@73316a0a, org.springframework.security.web.authentication.logout.LogoutFilter@e7b3e54, top.flobby.security.filter.AuthenticationTokenFilter@5ad6f98e, org.springframework.security.web.savedrequest.RequestCacheAwareFilter@591a4d25, org.springframework.security.web.servletapi.SecurityContextHolderAwareRequestFilter@4bfe83d, org.springframework.security.web.authentication.AnonymousAuthenticationFilter@6604f246, org.springframework.security.web.session.SessionManagementFilter@231d3ce, org.springframework.security.web.access.ExceptionTranslationFilter@7509226c, org.springframework.security.web.access.intercept.AuthorizationFilter@177068db]
2023-04-23 20:13:33.210 [main] INFO  org.apache.coyote.http11.Http11NioProtocol - Starting ProtocolHandler ["http-nio-8080"]
2023-04-23 20:13:33.234 [main] INFO  o.s.boot.web.embedded.tomcat.TomcatWebServer - Tomcat started on port(s): 8080 (http) with context path ''
2023-04-23 20:13:33.247 [main] INFO  top.flobby.SpringBootServerApplication - Started SpringBootServerApplication in 4.987 seconds (process running for 5.788)
2023-04-23 20:13:37.176 [http-nio-8080-exec-1] INFO  o.a.c.core.ContainerBase.[Tomcat].[localhost].[/] - Initializing Spring DispatcherServlet 'dispatcherServlet'
2023-04-23 20:13:37.176 [http-nio-8080-exec-1] INFO  org.springframework.web.servlet.DispatcherServlet - Initializing Servlet 'dispatcherServlet'
2023-04-23 20:13:37.177 [http-nio-8080-exec-1] INFO  org.springframework.web.servlet.DispatcherServlet - Completed initialization in 1 ms
2023-04-23 20:13:38.247 [http-nio-8080-exec-24] INFO  org.springdoc.api.AbstractOpenApiResource - Init duration for springdoc-openapi is: 270 ms
