2023-04-20 19:50:40.295 [background-preinit] INFO  org.hibernate.validator.internal.util.Version - HV000001: Hibernate Validator 8.0.0.Final
2023-04-20 19:50:40.367 [main] INFO  top.flobby.SpringBootServerApplication - Starting SpringBootServerApplication using Java 17.0.1 with PID 32576 (E:\java-projects\backend-learning\admin-template\admin-server\target\classes started by Flobby in E:\java-projects\backend-learning\admin-template)
2023-04-20 19:50:40.367 [main] INFO  top.flobby.SpringBootServerApplication - The following 1 profile is active: "dev"
2023-04-20 19:50:41.673 [main] INFO  o.s.d.r.config.RepositoryConfigurationDelegate - Multiple Spring Data modules found, entering strict repository configuration mode
2023-04-20 19:50:41.676 [main] INFO  o.s.d.r.config.RepositoryConfigurationDelegate - Bootstrapping Spring Data Redis repositories in DEFAULT mode.
2023-04-20 19:50:41.712 [main] INFO  o.s.d.r.config.RepositoryConfigurationDelegate - Finished Spring Data repository scanning in 21 ms. Found 0 Redis repository interfaces.
2023-04-20 19:50:42.736 [main] INFO  o.s.boot.web.embedded.tomcat.TomcatWebServer - Tomcat initialized with port(s): 8080 (http)
2023-04-20 19:50:42.750 [main] INFO  org.apache.coyote.http11.Http11NioProtocol - Initializing ProtocolHandler ["http-nio-8080"]
2023-04-20 19:50:42.751 [main] INFO  org.apache.catalina.core.StandardService - Starting service [Tomcat]
2023-04-20 19:50:42.751 [main] INFO  org.apache.catalina.core.StandardEngine - Starting Servlet engine: [Apache Tomcat/10.1.7]
2023-04-20 19:50:42.877 [main] INFO  o.a.c.core.ContainerBase.[Tomcat].[localhost].[/] - Initializing Spring embedded WebApplicationContext
2023-04-20 19:50:42.877 [main] INFO  o.s.b.w.s.c.ServletWebServerApplicationContext - Root WebApplicationContext: initialization completed in 2450 ms
2023-04-20 19:50:46.423 [main] INFO  o.s.security.web.DefaultSecurityFilterChain - Will secure any request with [org.springframework.security.web.session.DisableEncodeUrlFilter@681b42d3, org.springframework.security.web.context.request.async.WebAsyncManagerIntegrationFilter@77f7352a, org.springframework.security.web.context.SecurityContextHolderFilter@6a116354, org.springframework.security.web.header.HeaderWriterFilter@745cf754, org.springframework.security.web.authentication.logout.LogoutFilter@287317df, top.flobby.security.filter.AuthenticationTokenFilter@3ef0e576, org.springframework.security.web.savedrequest.RequestCacheAwareFilter@34e07e65, org.springframework.security.web.servletapi.SecurityContextHolderAwareRequestFilter@7ca0166c, org.springframework.security.web.authentication.AnonymousAuthenticationFilter@4ede8888, org.springframework.security.web.session.SessionManagementFilter@6315bb4, org.springframework.security.web.access.ExceptionTranslationFilter@7aa63f50, org.springframework.security.web.access.intercept.AuthorizationFilter@5f781173]
2023-04-20 19:50:47.109 [main] INFO  org.apache.coyote.http11.Http11NioProtocol - Starting ProtocolHandler ["http-nio-8080"]
2023-04-20 19:50:47.139 [main] INFO  o.s.boot.web.embedded.tomcat.TomcatWebServer - Tomcat started on port(s): 8080 (http) with context path ''
2023-04-20 19:50:47.153 [main] INFO  top.flobby.SpringBootServerApplication - Started SpringBootServerApplication in 7.406 seconds (process running for 8.805)
2023-04-20 19:50:57.362 [http-nio-8080-exec-1] INFO  o.a.c.core.ContainerBase.[Tomcat].[localhost].[/] - Initializing Spring DispatcherServlet 'dispatcherServlet'
2023-04-20 19:50:57.362 [http-nio-8080-exec-1] INFO  org.springframework.web.servlet.DispatcherServlet - Initializing Servlet 'dispatcherServlet'
2023-04-20 19:50:57.364 [http-nio-8080-exec-1] INFO  org.springframework.web.servlet.DispatcherServlet - Completed initialization in 2 ms
2023-04-20 19:52:24.812 [background-preinit] INFO  org.hibernate.validator.internal.util.Version - HV000001: Hibernate Validator 8.0.0.Final
2023-04-20 19:52:24.875 [main] INFO  top.flobby.SpringBootServerApplication - Starting SpringBootServerApplication using Java 17.0.1 with PID 28016 (E:\java-projects\backend-learning\admin-template\admin-server\target\classes started by Flobby in E:\java-projects\backend-learning\admin-template)
2023-04-20 19:52:24.877 [main] INFO  top.flobby.SpringBootServerApplication - The following 1 profile is active: "dev"
2023-04-20 19:52:25.980 [main] INFO  o.s.d.r.config.RepositoryConfigurationDelegate - Multiple Spring Data modules found, entering strict repository configuration mode
2023-04-20 19:52:25.984 [main] INFO  o.s.d.r.config.RepositoryConfigurationDelegate - Bootstrapping Spring Data Redis repositories in DEFAULT mode.
2023-04-20 19:52:26.022 [main] INFO  o.s.d.r.config.RepositoryConfigurationDelegate - Finished Spring Data repository scanning in 20 ms. Found 0 Redis repository interfaces.
2023-04-20 19:52:26.952 [main] INFO  o.s.boot.web.embedded.tomcat.TomcatWebServer - Tomcat initialized with port(s): 8080 (http)
2023-04-20 19:52:26.962 [main] INFO  org.apache.coyote.http11.Http11NioProtocol - Initializing ProtocolHandler ["http-nio-8080"]
2023-04-20 19:52:26.963 [main] INFO  org.apache.catalina.core.StandardService - Starting service [Tomcat]
2023-04-20 19:52:26.963 [main] INFO  org.apache.catalina.core.StandardEngine - Starting Servlet engine: [Apache Tomcat/10.1.7]
2023-04-20 19:52:27.076 [main] INFO  o.a.c.core.ContainerBase.[Tomcat].[localhost].[/] - Initializing Spring embedded WebApplicationContext
2023-04-20 19:52:27.076 [main] INFO  o.s.b.w.s.c.ServletWebServerApplicationContext - Root WebApplicationContext: initialization completed in 2146 ms
2023-04-20 19:52:29.623 [main] INFO  o.s.security.web.DefaultSecurityFilterChain - Will secure any request with [org.springframework.security.web.session.DisableEncodeUrlFilter@28295554, org.springframework.security.web.context.request.async.WebAsyncManagerIntegrationFilter@4e671ef, org.springframework.security.web.context.SecurityContextHolderFilter@30b1c5d5, org.springframework.security.web.header.HeaderWriterFilter@65b5b5ed, org.springframework.security.web.authentication.logout.LogoutFilter@5972e3a, top.flobby.security.filter.AuthenticationTokenFilter@4ccdacf5, org.springframework.security.web.savedrequest.RequestCacheAwareFilter@1174676f, org.springframework.security.web.servletapi.SecurityContextHolderAwareRequestFilter@71f8ce0e, org.springframework.security.web.authentication.AnonymousAuthenticationFilter@42403dc6, org.springframework.security.web.session.SessionManagementFilter@1ab28416, org.springframework.security.web.access.ExceptionTranslationFilter@705d914f, org.springframework.security.web.access.intercept.AuthorizationFilter@df432ec]
2023-04-20 19:52:30.112 [main] INFO  org.apache.coyote.http11.Http11NioProtocol - Starting ProtocolHandler ["http-nio-8080"]
2023-04-20 19:52:30.146 [main] INFO  o.s.boot.web.embedded.tomcat.TomcatWebServer - Tomcat started on port(s): 8080 (http) with context path ''
2023-04-20 19:52:30.161 [main] INFO  top.flobby.SpringBootServerApplication - Started SpringBootServerApplication in 5.875 seconds (process running for 6.724)
2023-04-20 19:53:17.708 [background-preinit] INFO  org.hibernate.validator.internal.util.Version - HV000001: Hibernate Validator 8.0.0.Final
2023-04-20 19:53:17.765 [main] INFO  top.flobby.SpringBootServerApplication - Starting SpringBootServerApplication using Java 17.0.1 with PID 18272 (E:\java-projects\backend-learning\admin-template\admin-server\target\classes started by Flobby in E:\java-projects\backend-learning\admin-template)
2023-04-20 19:53:17.768 [main] INFO  top.flobby.SpringBootServerApplication - The following 1 profile is active: "dev"
2023-04-20 19:53:18.887 [main] INFO  o.s.d.r.config.RepositoryConfigurationDelegate - Multiple Spring Data modules found, entering strict repository configuration mode
2023-04-20 19:53:18.891 [main] INFO  o.s.d.r.config.RepositoryConfigurationDelegate - Bootstrapping Spring Data Redis repositories in DEFAULT mode.
2023-04-20 19:53:18.944 [main] INFO  o.s.d.r.config.RepositoryConfigurationDelegate - Finished Spring Data repository scanning in 27 ms. Found 0 Redis repository interfaces.
2023-04-20 19:53:19.922 [main] INFO  o.s.boot.web.embedded.tomcat.TomcatWebServer - Tomcat initialized with port(s): 8080 (http)
2023-04-20 19:53:19.936 [main] INFO  org.apache.coyote.http11.Http11NioProtocol - Initializing ProtocolHandler ["http-nio-8080"]
2023-04-20 19:53:19.937 [main] INFO  org.apache.catalina.core.StandardService - Starting service [Tomcat]
2023-04-20 19:53:19.937 [main] INFO  org.apache.catalina.core.StandardEngine - Starting Servlet engine: [Apache Tomcat/10.1.7]
2023-04-20 19:53:20.079 [main] INFO  o.a.c.core.ContainerBase.[Tomcat].[localhost].[/] - Initializing Spring embedded WebApplicationContext
2023-04-20 19:53:20.079 [main] INFO  o.s.b.w.s.c.ServletWebServerApplicationContext - Root WebApplicationContext: initialization completed in 2265 ms
2023-04-20 19:53:22.600 [main] INFO  o.s.security.web.DefaultSecurityFilterChain - Will secure any request with [org.springframework.security.web.session.DisableEncodeUrlFilter@571db8b4, org.springframework.security.web.context.request.async.WebAsyncManagerIntegrationFilter@65a2755e, org.springframework.security.web.context.SecurityContextHolderFilter@7ca0166c, org.springframework.security.web.header.HeaderWriterFilter@321b7b9e, org.springframework.security.web.authentication.logout.LogoutFilter@71469e01, top.flobby.security.filter.AuthenticationTokenFilter@6c6379c, org.springframework.security.web.savedrequest.RequestCacheAwareFilter@701c482e, org.springframework.security.web.servletapi.SecurityContextHolderAwareRequestFilter@4738131e, org.springframework.security.web.authentication.AnonymousAuthenticationFilter@2b3242a5, org.springframework.security.web.session.SessionManagementFilter@6a116354, org.springframework.security.web.access.ExceptionTranslationFilter@25bc65ab, org.springframework.security.web.access.intercept.AuthorizationFilter@681b42d3]
2023-04-20 19:53:23.013 [main] INFO  org.apache.coyote.http11.Http11NioProtocol - Starting ProtocolHandler ["http-nio-8080"]
2023-04-20 19:53:23.044 [main] INFO  o.s.boot.web.embedded.tomcat.TomcatWebServer - Tomcat started on port(s): 8080 (http) with context path ''
2023-04-20 19:53:23.059 [main] INFO  top.flobby.SpringBootServerApplication - Started SpringBootServerApplication in 5.776 seconds (process running for 6.729)
2023-04-20 19:53:33.992 [background-preinit] INFO  org.hibernate.validator.internal.util.Version - HV000001: Hibernate Validator 8.0.0.Final
2023-04-20 19:53:34.058 [main] INFO  top.flobby.SpringBootServerApplication - Starting SpringBootServerApplication using Java 17.0.1 with PID 28972 (E:\java-projects\backend-learning\admin-template\admin-server\target\classes started by Flobby in E:\java-projects\backend-learning\admin-template)
2023-04-20 19:53:34.060 [main] INFO  top.flobby.SpringBootServerApplication - The following 1 profile is active: "dev"
2023-04-20 19:53:35.595 [main] INFO  o.s.d.r.config.RepositoryConfigurationDelegate - Multiple Spring Data modules found, entering strict repository configuration mode
2023-04-20 19:53:35.600 [main] INFO  o.s.d.r.config.RepositoryConfigurationDelegate - Bootstrapping Spring Data Redis repositories in DEFAULT mode.
2023-04-20 19:53:35.648 [main] INFO  o.s.d.r.config.RepositoryConfigurationDelegate - Finished Spring Data repository scanning in 25 ms. Found 0 Redis repository interfaces.
2023-04-20 19:53:36.729 [main] INFO  o.s.boot.web.embedded.tomcat.TomcatWebServer - Tomcat initialized with port(s): 8080 (http)
2023-04-20 19:53:36.740 [main] INFO  org.apache.coyote.http11.Http11NioProtocol - Initializing ProtocolHandler ["http-nio-8080"]
2023-04-20 19:53:36.741 [main] INFO  org.apache.catalina.core.StandardService - Starting service [Tomcat]
2023-04-20 19:53:36.742 [main] INFO  org.apache.catalina.core.StandardEngine - Starting Servlet engine: [Apache Tomcat/10.1.7]
2023-04-20 19:53:36.846 [main] INFO  o.a.c.core.ContainerBase.[Tomcat].[localhost].[/] - Initializing Spring embedded WebApplicationContext
2023-04-20 19:53:36.846 [main] INFO  o.s.b.w.s.c.ServletWebServerApplicationContext - Root WebApplicationContext: initialization completed in 2710 ms
2023-04-20 19:53:40.099 [main] INFO  o.s.security.web.DefaultSecurityFilterChain - Will secure any request with [org.springframework.security.web.session.DisableEncodeUrlFilter@1174676f, org.springframework.security.web.context.request.async.WebAsyncManagerIntegrationFilter@71f8ce0e, org.springframework.security.web.context.SecurityContextHolderFilter@25bc65ab, org.springframework.security.web.header.HeaderWriterFilter@5bc14211, org.springframework.security.web.authentication.logout.LogoutFilter@52d9f36b, top.flobby.security.filter.AuthenticationTokenFilter@141bb6b8, org.springframework.security.web.savedrequest.RequestCacheAwareFilter@321b7b9e, org.springframework.security.web.servletapi.SecurityContextHolderAwareRequestFilter@21eedcde, org.springframework.security.web.authentication.AnonymousAuthenticationFilter@4fd92289, org.springframework.security.web.session.SessionManagementFilter@7aa63f50, org.springframework.security.web.access.ExceptionTranslationFilter@40aad17d, org.springframework.security.web.access.intercept.AuthorizationFilter@64508788]
2023-04-20 19:53:40.559 [main] INFO  o.s.boot.web.embedded.tomcat.TomcatWebServer - Tomcat started on port(s): 8080 (http) with context path ''
2023-04-20 19:53:40.572 [main] INFO  top.flobby.SpringBootServerApplication - Started SpringBootServerApplication in 7.072 seconds (process running for 8.374)
